
2024/12/24 (23:47:48) | ===> btop++ v.1.4.0
2024/12/24 (23:47:48) | WARNING: ROCm SMI: Failed to get maximum GPU temperature, defaulting to 110°C
2024/12/24 (23:47:48) | WARNING: ROCm SMI: Failed to get PCIe throughput
2024/12/24 (23:47:48) | WARNING: ROCm SMI: Failed to get maximum GPU power draw, defaulting to 225W
2024/12/24 (23:47:48) | WARNING: ROCm SMI: Failed to get maximum GPU temperature, defaulting to 110°C
2024/12/24 (23:47:48) | WARNING: ROCm SMI: Failed to get VRAM utilization
2024/12/24 (23:47:48) | WARNING: ROCm SMI: Failed to get GPU power usage
2024/12/24 (23:47:48) | WARNING: ROCm SMI: Failed to get PCIe throughput

2024/12/26 (15:03:53) | ===> btop++ v.1.4.0
2024/12/26 (15:03:53) | WARNING: ROCm SMI: Failed to get maximum GPU temperature, defaulting to 110°C
2024/12/26 (15:03:53) | WARNING: ROCm SMI: Failed to get PCIe throughput

2024/12/26 (23:23:50) | ===> btop++ v.1.4.0
2024/12/26 (23:23:50) | WARNING: ROCm SMI: Failed to get maximum GPU temperature, defaulting to 110°C
2024/12/26 (23:23:50) | WARNING: ROCm SMI: Failed to get PCIe throughput

2024/12/27 (14:36:01) | ===> btop++ v.1.4.0
2024/12/27 (14:36:01) | WARNING: ROCm SMI: Failed to get maximum GPU temperature, defaulting to 110°C
2024/12/27 (14:36:01) | WARNING: ROCm SMI: Failed to get PCIe throughput

2024/12/27 (16:41:16) | ===> btop++ v.1.4.0
2024/12/27 (16:41:16) | WARNING: ROCm SMI: Failed to get maximum GPU temperature, defaulting to 110°C
2024/12/27 (16:41:16) | WARNING: ROCm SMI: Failed to get PCIe throughput

2024/12/27 (17:02:26) | ===> btop++ v.1.4.0
2024/12/27 (17:02:26) | WARNING: ROCm SMI: Failed to get maximum GPU temperature, defaulting to 110°C
2024/12/27 (17:02:26) | WARNING: ROCm SMI: Failed to get PCIe throughput

2024/12/27 (19:42:02) | ===> btop++ v.1.4.0
2024/12/27 (19:42:02) | WARNING: ROCm SMI: Failed to get maximum GPU temperature, defaulting to 110°C
2024/12/27 (19:42:02) | WARNING: ROCm SMI: Failed to get PCIe throughput

2024/12/27 (20:30:29) | ===> btop++ v.1.4.0
2024/12/27 (20:30:29) | WARNING: ROCm SMI: Failed to get maximum GPU temperature, defaulting to 110°C
2024/12/27 (20:30:29) | WARNING: ROCm SMI: Failed to get PCIe throughput

2024/12/27 (21:43:25) | ===> btop++ v.1.4.0
2024/12/27 (21:43:25) | WARNING: ROCm SMI: Failed to get maximum GPU temperature, defaulting to 110°C
2024/12/27 (21:43:25) | WARNING: ROCm SMI: Failed to get PCIe throughput

2024/12/27 (22:44:25) | ===> btop++ v.1.4.0
2024/12/27 (22:44:25) | WARNING: ROCm SMI: Failed to get maximum GPU temperature, defaulting to 110°C
2024/12/27 (22:44:25) | WARNING: ROCm SMI: Failed to get PCIe throughput

2024/12/28 (00:23:40) | ===> btop++ v.1.4.0
2024/12/28 (00:23:40) | WARNING: ROCm SMI: Failed to get maximum GPU temperature, defaulting to 110°C
2024/12/28 (00:23:40) | WARNING: ROCm SMI: Failed to get PCIe throughput

2024/12/28 (13:49:19) | ===> btop++ v.1.4.0
2024/12/28 (13:49:19) | WARNING: ROCm SMI: Failed to get maximum GPU temperature, defaulting to 110°C
2024/12/28 (13:49:19) | WARNING: ROCm SMI: Failed to get PCIe throughput

2024/12/28 (14:31:22) | ===> btop++ v.1.4.0
2024/12/28 (14:31:22) | WARNING: ROCm SMI: Failed to get maximum GPU temperature, defaulting to 110°C
2024/12/28 (14:31:22) | WARNING: ROCm SMI: Failed to get PCIe throughput

2024/12/28 (16:52:53) | ===> btop++ v.1.4.0
2024/12/28 (16:52:53) | WARNING: ROCm SMI: Failed to get maximum GPU temperature, defaulting to 110°C
2024/12/28 (16:52:53) | WARNING: ROCm SMI: Failed to get PCIe throughput

2024/12/31 (13:31:56) | ===> btop++ v.1.4.0
2024/12/31 (13:31:56) | WARNING: ROCm SMI: Failed to get maximum GPU temperature, defaulting to 110°C
2024/12/31 (13:31:56) | WARNING: ROCm SMI: Failed to get PCIe throughput

2024/12/31 (13:38:38) | ===> btop++ v.1.4.0
2024/12/31 (13:38:38) | WARNING: ROCm SMI: Failed to get maximum GPU temperature, defaulting to 110°C
2024/12/31 (13:38:38) | WARNING: ROCm SMI: Failed to get PCIe throughput

2024/12/31 (13:57:02) | ===> btop++ v.1.4.0
2024/12/31 (13:57:02) | WARNING: ROCm SMI: Failed to get maximum GPU temperature, defaulting to 110°C
2024/12/31 (13:57:02) | WARNING: ROCm SMI: Failed to get PCIe throughput

2024/12/31 (14:12:24) | ===> btop++ v.1.4.0
2024/12/31 (14:12:24) | WARNING: ROCm SMI: Failed to get maximum GPU temperature, defaulting to 110°C
2024/12/31 (14:12:24) | WARNING: ROCm SMI: Failed to get PCIe throughput

2024/12/31 (14:23:58) | ===> btop++ v.1.4.0
2024/12/31 (14:23:58) | WARNING: ROCm SMI: Failed to get maximum GPU temperature, defaulting to 110°C
2024/12/31 (14:23:58) | WARNING: ROCm SMI: Failed to get PCIe throughput

2025/01/01 (22:59:53) | ===> btop++ v.1.4.0
2025/01/01 (22:59:53) | WARNING: ROCm SMI: Failed to get maximum GPU temperature, defaulting to 110°C
2025/01/01 (22:59:53) | WARNING: ROCm SMI: Failed to get PCIe throughput

2025/01/01 (23:06:46) | ===> btop++ v.1.4.0
2025/01/01 (23:06:46) | WARNING: ROCm SMI: Failed to get maximum GPU temperature, defaulting to 110°C
2025/01/01 (23:06:46) | WARNING: ROCm SMI: Failed to get PCIe throughput

2025/01/01 (23:13:22) | ===> btop++ v.1.4.0
2025/01/01 (23:13:22) | WARNING: ROCm SMI: Failed to get maximum GPU temperature, defaulting to 110°C
2025/01/01 (23:13:22) | WARNING: ROCm SMI: Failed to get PCIe throughput

2025/01/01 (23:13:37) | ===> btop++ v.1.4.0
2025/01/01 (23:13:37) | WARNING: ROCm SMI: Failed to get maximum GPU temperature, defaulting to 110°C
2025/01/01 (23:13:37) | WARNING: ROCm SMI: Failed to get PCIe throughput

2025/01/01 (23:20:59) | ===> btop++ v.1.4.0
2025/01/01 (23:20:59) | WARNING: ROCm SMI: Failed to get maximum GPU temperature, defaulting to 110°C
2025/01/01 (23:20:59) | WARNING: ROCm SMI: Failed to get PCIe throughput

2025/01/01 (23:27:11) | ===> btop++ v.1.4.0
2025/01/01 (23:27:11) | WARNING: ROCm SMI: Failed to get maximum GPU temperature, defaulting to 110°C
2025/01/01 (23:27:11) | WARNING: ROCm SMI: Failed to get PCIe throughput

2025/01/03 (16:43:32) | ===> btop++ v.1.4.0
2025/01/03 (16:43:32) | WARNING: ROCm SMI: Failed to get maximum GPU temperature, defaulting to 110°C
2025/01/03 (16:43:32) | WARNING: ROCm SMI: Failed to get PCIe throughput

2025/01/04 (00:20:40) | ===> btop++ v.1.4.0
2025/01/04 (00:20:40) | WARNING: ROCm SMI: Failed to get maximum GPU temperature, defaulting to 110°C
2025/01/04 (00:20:40) | WARNING: ROCm SMI: Failed to get PCIe throughput

2025/01/04 (00:28:18) | ===> btop++ v.1.4.0
2025/01/04 (00:28:18) | WARNING: ROCm SMI: Failed to get maximum GPU temperature, defaulting to 110°C
2025/01/04 (00:28:18) | WARNING: ROCm SMI: Failed to get PCIe throughput

2025/01/04 (01:14:42) | ===> btop++ v.1.4.0
2025/01/04 (01:14:42) | WARNING: ROCm SMI: Failed to get maximum GPU temperature, defaulting to 110°C
2025/01/04 (01:14:42) | WARNING: ROCm SMI: Failed to get PCIe throughput

2025/01/04 (01:19:10) | ===> btop++ v.1.4.0
2025/01/04 (01:19:10) | WARNING: ROCm SMI: Failed to get maximum GPU temperature, defaulting to 110°C
2025/01/04 (01:19:10) | WARNING: ROCm SMI: Failed to get PCIe throughput

2025/01/04 (01:30:15) | ===> btop++ v.1.4.0
2025/01/04 (01:30:15) | WARNING: ROCm SMI: Failed to get maximum GPU temperature, defaulting to 110°C
2025/01/04 (01:30:15) | WARNING: ROCm SMI: Failed to get PCIe throughput

2025/01/04 (21:30:01) | ===> btop++ v.1.4.0
2025/01/04 (21:30:01) | WARNING: ROCm SMI: Failed to get maximum GPU temperature, defaulting to 110°C
2025/01/04 (21:30:01) | WARNING: ROCm SMI: Failed to get PCIe throughput

2025/01/05 (21:38:40) | ===> btop++ v.1.4.0
2025/01/05 (21:38:40) | WARNING: ROCm SMI: Failed to get maximum GPU temperature, defaulting to 110°C
2025/01/05 (21:38:40) | WARNING: ROCm SMI: Failed to get PCIe throughput

2025/01/06 (20:46:19) | ===> btop++ v.1.4.0
2025/01/06 (20:46:19) | WARNING: ROCm SMI: Failed to get maximum GPU temperature, defaulting to 110°C
2025/01/06 (20:46:19) | WARNING: ROCm SMI: Failed to get PCIe throughput

2025/01/06 (20:46:26) | ===> btop++ v.1.4.0
2025/01/06 (20:46:26) | WARNING: ROCm SMI: Failed to get maximum GPU temperature, defaulting to 110°C
2025/01/06 (20:46:26) | WARNING: ROCm SMI: Failed to get PCIe throughput

2025/01/06 (20:46:31) | ===> btop++ v.1.4.0
2025/01/06 (20:46:31) | WARNING: ROCm SMI: Failed to get maximum GPU temperature, defaulting to 110°C
2025/01/06 (20:46:31) | WARNING: ROCm SMI: Failed to get PCIe throughput

2025/01/06 (20:46:57) | ===> btop++ v.1.4.0
2025/01/06 (20:46:57) | WARNING: ROCm SMI: Failed to get maximum GPU temperature, defaulting to 110°C
2025/01/06 (20:46:57) | WARNING: ROCm SMI: Failed to get PCIe throughput

2025/01/06 (20:51:02) | ===> btop++ v.1.4.0
2025/01/06 (20:51:02) | WARNING: ROCm SMI: Failed to get maximum GPU temperature, defaulting to 110°C
2025/01/06 (20:51:02) | WARNING: ROCm SMI: Failed to get PCIe throughput

2025/01/06 (21:03:16) | ===> btop++ v.1.4.0
2025/01/06 (21:03:16) | WARNING: ROCm SMI: Failed to get maximum GPU temperature, defaulting to 110°C
2025/01/06 (21:03:16) | WARNING: ROCm SMI: Failed to get PCIe throughput

2025/01/06 (21:03:17) | ===> btop++ v.1.4.0
2025/01/06 (21:03:17) | WARNING: ROCm SMI: Failed to get maximum GPU temperature, defaulting to 110°C
2025/01/06 (21:03:17) | WARNING: ROCm SMI: Failed to get PCIe throughput

2025/01/06 (21:12:14) | ===> btop++ v.1.4.0
2025/01/06 (21:12:14) | WARNING: ROCm SMI: Failed to get maximum GPU temperature, defaulting to 110°C
2025/01/06 (21:12:14) | WARNING: ROCm SMI: Failed to get PCIe throughput

2025/01/06 (21:12:27) | ===> btop++ v.1.4.0
2025/01/06 (21:12:27) | WARNING: ROCm SMI: Failed to get maximum GPU temperature, defaulting to 110°C
2025/01/06 (21:12:27) | WARNING: ROCm SMI: Failed to get PCIe throughput

2025/01/06 (21:19:03) | ===> btop++ v.1.4.0
2025/01/06 (21:19:03) | WARNING: ROCm SMI: Failed to get maximum GPU temperature, defaulting to 110°C
2025/01/06 (21:19:03) | WARNING: ROCm SMI: Failed to get PCIe throughput

2025/01/08 (05:15:38) | ===> btop++ v.1.4.0
2025/01/08 (05:15:38) | WARNING: ROCm SMI: Failed to get maximum GPU temperature, defaulting to 110°C
2025/01/08 (05:15:38) | WARNING: ROCm SMI: Failed to get PCIe throughput

2025/01/08 (05:17:52) | ===> btop++ v.1.4.0
2025/01/08 (05:17:52) | WARNING: ROCm SMI: Failed to get maximum GPU temperature, defaulting to 110°C
2025/01/08 (05:17:52) | WARNING: ROCm SMI: Failed to get PCIe throughput

2025/01/12 (09:22:03) | ===> btop++ v.1.4.0
2025/01/12 (09:22:03) | WARNING: Failed to set locale en_US.UTF-8 continuing anyway.

2025/01/12 (09:31:16) | ===> btop++ v.1.4.0
2025/01/12 (09:31:16) | WARNING: Failed to set locale en_US.UTF-8 continuing anyway.
2025/01/12 (09:31:16) | WARNING: ROCm SMI: Failed to get maximum GPU temperature, defaulting to 110°C
2025/01/12 (09:31:16) | WARNING: ROCm SMI: Failed to get PCIe throughput

2025/01/12 (10:48:28) | ===> btop++ v.1.4.0
2025/01/12 (10:48:28) | WARNING: Failed to set locale en_US.UTF-8 continuing anyway.
2025/01/12 (10:48:28) | WARNING: ROCm SMI: Failed to get maximum GPU temperature, defaulting to 110°C
2025/01/12 (10:48:28) | WARNING: ROCm SMI: Failed to get PCIe throughput

2025/01/14 (12:33:38) | ===> btop++ v.1.4.0
2025/01/14 (12:33:38) | WARNING: ROCm SMI: Failed to get maximum GPU temperature, defaulting to 110°C
2025/01/14 (12:33:38) | WARNING: ROCm SMI: Failed to get PCIe throughput

2025/01/14 (12:38:46) | ===> btop++ v.1.4.0
2025/01/14 (12:38:46) | WARNING: ROCm SMI: Failed to get maximum GPU temperature, defaulting to 110°C
2025/01/14 (12:38:46) | WARNING: ROCm SMI: Failed to get PCIe throughput

2025/01/14 (13:50:17) | ===> btop++ v.1.4.0
2025/01/14 (13:50:17) | WARNING: ROCm SMI: Failed to get maximum GPU temperature, defaulting to 110°C
2025/01/14 (13:50:17) | WARNING: ROCm SMI: Failed to get PCIe throughput

2025/01/14 (14:11:32) | ===> btop++ v.1.4.0
2025/01/14 (14:11:32) | WARNING: ROCm SMI: Failed to get maximum GPU temperature, defaulting to 110°C
2025/01/14 (14:11:32) | WARNING: ROCm SMI: Failed to get PCIe throughput

2025/01/14 (14:46:36) | ===> btop++ v.1.4.0
2025/01/14 (14:46:36) | WARNING: ROCm SMI: Failed to get maximum GPU temperature, defaulting to 110°C
2025/01/14 (14:46:36) | WARNING: ROCm SMI: Failed to get PCIe throughput

2025/01/14 (15:11:03) | ===> btop++ v.1.4.0
2025/01/14 (15:11:03) | WARNING: ROCm SMI: Failed to get maximum GPU temperature, defaulting to 110°C
2025/01/14 (15:11:03) | WARNING: ROCm SMI: Failed to get PCIe throughput

2025/01/14 (15:19:34) | ===> btop++ v.1.4.0
2025/01/14 (15:19:34) | WARNING: ROCm SMI: Failed to get maximum GPU temperature, defaulting to 110°C
2025/01/14 (15:19:34) | WARNING: ROCm SMI: Failed to get PCIe throughput

2025/01/14 (01:19:13) | ===> btop++ v.1.4.0
2025/01/14 (01:19:13) | WARNING: ROCm SMI: Failed to get maximum GPU temperature, defaulting to 110°C
2025/01/14 (01:19:13) | WARNING: ROCm SMI: Failed to get PCIe throughput
2025/01/14 (01:19:13) | WARNING: ROCm SMI: Failed to get maximum GPU power draw, defaulting to 225W
2025/01/14 (01:19:13) | WARNING: ROCm SMI: Failed to get maximum GPU temperature, defaulting to 110°C
2025/01/14 (01:19:13) | WARNING: ROCm SMI: Failed to get VRAM utilization
2025/01/14 (01:19:13) | WARNING: ROCm SMI: Failed to get GPU power usage
2025/01/14 (01:19:13) | WARNING: ROCm SMI: Failed to get PCIe throughput

2025/01/14 (01:04:36) | ===> btop++ v.1.4.0
2025/01/14 (01:04:36) | WARNING: ROCm SMI: Failed to get maximum GPU temperature, defaulting to 110°C
2025/01/14 (01:04:36) | WARNING: ROCm SMI: Failed to get PCIe throughput
2025/01/14 (01:04:36) | WARNING: ROCm SMI: Failed to get maximum GPU power draw, defaulting to 225W
2025/01/14 (01:04:36) | WARNING: ROCm SMI: Failed to get maximum GPU temperature, defaulting to 110°C
2025/01/14 (01:04:36) | WARNING: ROCm SMI: Failed to get VRAM utilization
2025/01/14 (01:04:36) | WARNING: ROCm SMI: Failed to get GPU power usage
2025/01/14 (01:04:36) | WARNING: ROCm SMI: Failed to get PCIe throughput

2025/01/14 (01:04:42) | ===> btop++ v.1.4.0
2025/01/14 (01:04:42) | WARNING: ROCm SMI: Failed to get maximum GPU temperature, defaulting to 110°C
2025/01/14 (01:04:42) | WARNING: ROCm SMI: Failed to get PCIe throughput
2025/01/14 (01:04:42) | WARNING: ROCm SMI: Failed to get maximum GPU power draw, defaulting to 225W
2025/01/14 (01:04:42) | WARNING: ROCm SMI: Failed to get maximum GPU temperature, defaulting to 110°C
2025/01/14 (01:04:42) | WARNING: ROCm SMI: Failed to get VRAM utilization
2025/01/14 (01:04:42) | WARNING: ROCm SMI: Failed to get GPU power usage
2025/01/14 (01:04:42) | WARNING: ROCm SMI: Failed to get PCIe throughput

2025/01/15 (00:11:33) | ===> btop++ v.1.4.0
2025/01/15 (00:11:33) | WARNING: ROCm SMI: Failed to get maximum GPU temperature, defaulting to 110°C
2025/01/15 (00:11:33) | WARNING: ROCm SMI: Failed to get PCIe throughput
2025/01/15 (00:11:33) | WARNING: ROCm SMI: Failed to get maximum GPU power draw, defaulting to 225W
2025/01/15 (00:11:33) | WARNING: ROCm SMI: Failed to get maximum GPU temperature, defaulting to 110°C
2025/01/15 (00:11:33) | WARNING: ROCm SMI: Failed to get VRAM utilization
2025/01/15 (00:11:33) | WARNING: ROCm SMI: Failed to get GPU power usage
2025/01/15 (00:11:33) | WARNING: ROCm SMI: Failed to get PCIe throughput

2025/01/15 (00:11:42) | ===> btop++ v.1.4.0
2025/01/15 (00:11:42) | WARNING: ROCm SMI: Failed to get maximum GPU temperature, defaulting to 110°C
2025/01/15 (00:11:42) | WARNING: ROCm SMI: Failed to get PCIe throughput
2025/01/15 (00:11:42) | WARNING: ROCm SMI: Failed to get maximum GPU power draw, defaulting to 225W
2025/01/15 (00:11:42) | WARNING: ROCm SMI: Failed to get maximum GPU temperature, defaulting to 110°C
2025/01/15 (00:11:42) | WARNING: ROCm SMI: Failed to get VRAM utilization
2025/01/15 (00:11:42) | WARNING: ROCm SMI: Failed to get GPU power usage
2025/01/15 (00:11:42) | WARNING: ROCm SMI: Failed to get PCIe throughput

2025/01/15 (02:44:57) | ===> btop++ v.1.4.0
2025/01/15 (02:44:57) | WARNING: ROCm SMI: Failed to get maximum GPU temperature, defaulting to 110°C
2025/01/15 (02:44:57) | WARNING: ROCm SMI: Failed to get PCIe throughput
2025/01/15 (02:44:57) | WARNING: ROCm SMI: Failed to get maximum GPU power draw, defaulting to 225W
2025/01/15 (02:44:57) | WARNING: ROCm SMI: Failed to get maximum GPU temperature, defaulting to 110°C
2025/01/15 (02:44:57) | WARNING: ROCm SMI: Failed to get VRAM utilization
2025/01/15 (02:44:57) | WARNING: ROCm SMI: Failed to get GPU power usage
2025/01/15 (02:44:57) | WARNING: ROCm SMI: Failed to get PCIe throughput

2025/01/15 (02:46:43) | ===> btop++ v.1.4.0
2025/01/15 (02:46:43) | WARNING: ROCm SMI: Failed to get maximum GPU temperature, defaulting to 110°C
2025/01/15 (02:46:43) | WARNING: ROCm SMI: Failed to get PCIe throughput
2025/01/15 (02:46:43) | WARNING: ROCm SMI: Failed to get maximum GPU power draw, defaulting to 225W
2025/01/15 (02:46:43) | WARNING: ROCm SMI: Failed to get maximum GPU temperature, defaulting to 110°C
2025/01/15 (02:46:43) | WARNING: ROCm SMI: Failed to get VRAM utilization
2025/01/15 (02:46:43) | WARNING: ROCm SMI: Failed to get GPU power usage
2025/01/15 (02:46:43) | WARNING: ROCm SMI: Failed to get PCIe throughput

2025/01/15 (02:49:32) | ===> btop++ v.1.4.0
2025/01/15 (02:49:32) | WARNING: ROCm SMI: Failed to get maximum GPU temperature, defaulting to 110°C
2025/01/15 (02:49:32) | WARNING: ROCm SMI: Failed to get PCIe throughput
2025/01/15 (02:49:32) | WARNING: ROCm SMI: Failed to get maximum GPU power draw, defaulting to 225W
2025/01/15 (02:49:32) | WARNING: ROCm SMI: Failed to get maximum GPU temperature, defaulting to 110°C
2025/01/15 (02:49:32) | WARNING: ROCm SMI: Failed to get VRAM utilization
2025/01/15 (02:49:32) | WARNING: ROCm SMI: Failed to get GPU power usage
2025/01/15 (02:49:32) | WARNING: ROCm SMI: Failed to get PCIe throughput

2025/01/15 (03:04:33) | ===> btop++ v.1.4.0
2025/01/15 (03:04:33) | WARNING: ROCm SMI: Failed to get maximum GPU temperature, defaulting to 110°C
2025/01/15 (03:04:33) | WARNING: ROCm SMI: Failed to get PCIe throughput
2025/01/15 (03:04:33) | WARNING: ROCm SMI: Failed to get maximum GPU power draw, defaulting to 225W
2025/01/15 (03:04:33) | WARNING: ROCm SMI: Failed to get maximum GPU temperature, defaulting to 110°C
2025/01/15 (03:04:33) | WARNING: ROCm SMI: Failed to get VRAM utilization
2025/01/15 (03:04:33) | WARNING: ROCm SMI: Failed to get GPU power usage
2025/01/15 (03:04:33) | WARNING: ROCm SMI: Failed to get PCIe throughput

2025/01/15 (03:19:29) | ===> btop++ v.1.4.0
2025/01/15 (03:19:29) | WARNING: ROCm SMI: Failed to get maximum GPU temperature, defaulting to 110°C
2025/01/15 (03:19:29) | WARNING: ROCm SMI: Failed to get PCIe throughput
2025/01/15 (03:19:29) | WARNING: ROCm SMI: Failed to get maximum GPU power draw, defaulting to 225W
2025/01/15 (03:19:29) | WARNING: ROCm SMI: Failed to get maximum GPU temperature, defaulting to 110°C
2025/01/15 (03:19:29) | WARNING: ROCm SMI: Failed to get VRAM utilization
2025/01/15 (03:19:29) | WARNING: ROCm SMI: Failed to get GPU power usage
2025/01/15 (03:19:29) | WARNING: ROCm SMI: Failed to get PCIe throughput

2025/01/15 (03:40:03) | ===> btop++ v.1.4.0
2025/01/15 (03:40:03) | WARNING: ROCm SMI: Failed to get maximum GPU temperature, defaulting to 110°C
2025/01/15 (03:40:03) | WARNING: ROCm SMI: Failed to get PCIe throughput
2025/01/15 (03:40:03) | WARNING: ROCm SMI: Failed to get maximum GPU power draw, defaulting to 225W
2025/01/15 (03:40:03) | WARNING: ROCm SMI: Failed to get maximum GPU temperature, defaulting to 110°C
2025/01/15 (03:40:03) | WARNING: ROCm SMI: Failed to get VRAM utilization
2025/01/15 (03:40:03) | WARNING: ROCm SMI: Failed to get GPU power usage
2025/01/15 (03:40:03) | WARNING: ROCm SMI: Failed to get PCIe throughput

2025/01/15 (01:03:01) | ===> btop++ v.1.4.0
2025/01/15 (01:03:01) | WARNING: ROCm SMI: Failed to get maximum GPU temperature, defaulting to 110°C
2025/01/15 (01:03:01) | WARNING: ROCm SMI: Failed to get PCIe throughput
2025/01/15 (01:03:01) | WARNING: ROCm SMI: Failed to get maximum GPU power draw, defaulting to 225W
2025/01/15 (01:03:01) | WARNING: ROCm SMI: Failed to get maximum GPU temperature, defaulting to 110°C
2025/01/15 (01:03:01) | WARNING: ROCm SMI: Failed to get VRAM utilization
2025/01/15 (01:03:01) | WARNING: ROCm SMI: Failed to get GPU power usage
2025/01/15 (01:03:01) | WARNING: ROCm SMI: Failed to get PCIe throughput

2025/01/16 (22:40:57) | ===> btop++ v.1.4.0
2025/01/16 (22:40:57) | WARNING: ROCm SMI: Failed to get maximum GPU temperature, defaulting to 110°C
2025/01/16 (22:40:57) | WARNING: ROCm SMI: Failed to get PCIe throughput
2025/01/16 (22:40:57) | WARNING: ROCm SMI: Failed to get maximum GPU power draw, defaulting to 225W
2025/01/16 (22:40:57) | WARNING: ROCm SMI: Failed to get maximum GPU temperature, defaulting to 110°C
2025/01/16 (22:40:57) | WARNING: ROCm SMI: Failed to get VRAM utilization
2025/01/16 (22:40:57) | WARNING: ROCm SMI: Failed to get GPU power usage
2025/01/16 (22:40:57) | WARNING: ROCm SMI: Failed to get PCIe throughput

2025/01/17 (18:47:57) | ===> btop++ v.1.4.0
2025/01/17 (18:47:57) | WARNING: ROCm SMI: Failed to get maximum GPU temperature, defaulting to 110°C
2025/01/17 (18:47:57) | WARNING: ROCm SMI: Failed to get PCIe throughput
2025/01/17 (18:47:57) | WARNING: ROCm SMI: Failed to get maximum GPU power draw, defaulting to 225W
2025/01/17 (18:47:57) | WARNING: ROCm SMI: Failed to get maximum GPU temperature, defaulting to 110°C
2025/01/17 (18:47:57) | WARNING: ROCm SMI: Failed to get VRAM utilization
2025/01/17 (18:47:57) | WARNING: ROCm SMI: Failed to get GPU power usage
2025/01/17 (18:47:57) | WARNING: ROCm SMI: Failed to get PCIe throughput

2025/01/18 (12:14:17) | ===> btop++ v.1.4.0
2025/01/18 (12:14:17) | WARNING: ROCm SMI: Failed to get maximum GPU temperature, defaulting to 110°C
2025/01/18 (12:14:17) | WARNING: ROCm SMI: Failed to get PCIe throughput
2025/01/18 (12:14:17) | WARNING: ROCm SMI: Failed to get maximum GPU power draw, defaulting to 225W
2025/01/18 (12:14:17) | WARNING: ROCm SMI: Failed to get maximum GPU temperature, defaulting to 110°C
2025/01/18 (12:14:17) | WARNING: ROCm SMI: Failed to get VRAM utilization
2025/01/18 (12:14:17) | WARNING: ROCm SMI: Failed to get GPU power usage
2025/01/18 (12:14:17) | WARNING: ROCm SMI: Failed to get PCIe throughput

2025/01/19 (15:32:47) | ===> btop++ v.1.4.0
2025/01/19 (15:32:47) | WARNING: ROCm SMI: Failed to get maximum GPU temperature, defaulting to 110°C
2025/01/19 (15:32:47) | WARNING: ROCm SMI: Failed to get PCIe throughput
2025/01/19 (15:32:47) | WARNING: ROCm SMI: Failed to get maximum GPU power draw, defaulting to 225W
2025/01/19 (15:32:47) | WARNING: ROCm SMI: Failed to get maximum GPU temperature, defaulting to 110°C
2025/01/19 (15:32:47) | WARNING: ROCm SMI: Failed to get VRAM utilization
2025/01/19 (15:32:47) | WARNING: ROCm SMI: Failed to get GPU power usage
2025/01/19 (15:32:47) | WARNING: ROCm SMI: Failed to get PCIe throughput

2025/01/24 (13:30:11) | ===> btop++ v.1.4.0
2025/01/24 (13:30:11) | WARNING: ROCm SMI: Failed to get maximum GPU temperature, defaulting to 110°C
2025/01/24 (13:30:11) | WARNING: ROCm SMI: Failed to get PCIe throughput
2025/01/24 (13:30:11) | WARNING: ROCm SMI: Failed to get maximum GPU power draw, defaulting to 225W
2025/01/24 (13:30:11) | WARNING: ROCm SMI: Failed to get maximum GPU temperature, defaulting to 110°C
2025/01/24 (13:30:11) | WARNING: ROCm SMI: Failed to get VRAM utilization
2025/01/24 (13:30:11) | WARNING: ROCm SMI: Failed to get GPU power usage
2025/01/24 (13:30:11) | WARNING: ROCm SMI: Failed to get PCIe throughput

2025/01/24 (19:22:51) | ===> btop++ v.1.4.0
2025/01/24 (19:22:51) | WARNING: ROCm SMI: Failed to get maximum GPU temperature, defaulting to 110°C
2025/01/24 (19:22:51) | WARNING: ROCm SMI: Failed to get PCIe throughput
2025/01/24 (19:22:51) | WARNING: ROCm SMI: Failed to get maximum GPU power draw, defaulting to 225W
2025/01/24 (19:22:51) | WARNING: ROCm SMI: Failed to get maximum GPU temperature, defaulting to 110°C
2025/01/24 (19:22:51) | WARNING: ROCm SMI: Failed to get VRAM utilization
2025/01/24 (19:22:51) | WARNING: ROCm SMI: Failed to get GPU power usage
2025/01/24 (19:22:51) | WARNING: ROCm SMI: Failed to get PCIe throughput
