    OpenRGB v0.9
    Commit:  from 
    Launched: 20240922_165803
====================================================================================================

0     |Info:    Found file: Gruvbox.orp attempting to validate header
0     |Info:    Valid v4 profile found for Gruvbox
1009  |Info:    ------------------------------------------------------
1009  |Info:    |               Start device detection               |
1009  |Info:    ------------------------------------------------------
1009  |Info:    Initializing HID interfaces: Success
1017  |Info:    ------------------------------------------------------
1017  |Info:    |             Detecting I2C interfaces               |
1017  |Info:    ------------------------------------------------------
1017  |Info:    Registering I2C interface: /dev/i2c-3 Device 1002:73A5 Subsystem: 1EAE:6950
1017  |Info:    Registering I2C interface: /dev/i2c-1 Device 1002:73A5 Subsystem: 1EAE:6950
1017  |Warning: [i2c_smbus_linux] Failed to read i2c device PCI device ID
1017  |Info:    Registering I2C interface: /dev/i2c-8 Device 0000:0000 Subsystem: 0000:0000
1017  |Warning: [i2c_smbus_linux] Failed to read i2c device PCI device ID
1017  |Info:    Registering I2C interface: /dev/i2c-6 Device 0000:0000 Subsystem: 0000:0000
1017  |Info:    Registering I2C interface: /dev/i2c-4 Device 1002:73A5 Subsystem: 1EAE:6950
1017  |Info:    Registering I2C interface: /dev/i2c-2 Device 1002:73A5 Subsystem: 1EAE:6950
1018  |Info:    Registering I2C interface: /dev/i2c-0 Device 1002:73A5 Subsystem: 1EAE:6950
1018  |Info:    Registering I2C interface: /dev/i2c-9 Device 8086:A323 Subsystem: 1043:8694
1018  |Warning: [i2c_smbus_linux] Failed to read i2c device PCI device ID
1018  |Info:    Registering I2C interface: /dev/i2c-7 Device 0000:0000 Subsystem: 0000:0000
1018  |Info:    Registering I2C interface: /dev/i2c-5 Device 1002:73A5 Subsystem: 1EAE:6950
1018  |Info:    ------------------------------------------------------
1018  |Info:    |               Detecting I2C devices                |
1018  |Info:    ------------------------------------------------------
1218  |Info:    [ENE DRAM] Registering RGB controller
1421  |Info:    [ENE DRAM] Registering RGB controller
1795  |Info:    ------------------------------------------------------
1795  |Info:    |               Detecting I2C PCI devices            |
1795  |Info:    ------------------------------------------------------
1798  |Info:    ------------------------------------------------------
1798  |Info:    |               Detecting HID devices                |
1798  |Info:    ------------------------------------------------------
4959  |Info:    [NZXT Smart Device V2] Registering RGB controller
5022  |Info:    [ASUS ROG STRIX Z390-F GAMING Addressable] Registering RGB controller
5079  |Info:    [Glorious Model O / O- Wireless] Registering RGB controller
5079  |Info:    ------------------------------------------------------
5079  |Info:    |            Detecting libusb HID devices            |
5079  |Info:    ------------------------------------------------------
5106  |Info:    ------------------------------------------------------
5106  |Info:    |              Detecting other devices               |
5106  |Info:    ------------------------------------------------------
5123  |Info:    ------------------------------------------------------
5123  |Info:    |                Detection completed                 |
5123  |Info:    ------------------------------------------------------
5124  |Info:    Profile loading: Succeeded for ENE DRAM @ I2C: /dev/i2c-9, address 0x71
5124  |Info:    Profile loading: Succeeded for ENE DRAM @ I2C: /dev/i2c-9, address 0x73
5124  |Info:    Profile loading: Succeeded for NZXT Smart Device V2 @ HID: /dev/hidraw7
5124  |Info:    Profile loading: Succeeded for ASUS ROG STRIX Z390-F GAMING Addressable @ HID: /dev/hidraw11
5124  |Info:    Profile loading: Succeeded for Glorious Model O / O- Wireless @ HID: /dev/hidraw2
