    OpenRGB v0.9
    Commit:  from 
    Launched: 20240920_212014
====================================================================================================

1     |Info:    Found file: Gruvbox.orp attempting to validate header
1     |Info:    Valid v4 profile found for Gruvbox
1006  |Info:    Saving detector settings
1007  |Info:    ------------------------------------------------------
1007  |Info:    |               Start device detection               |
1007  |Info:    ------------------------------------------------------
1007  |Info:    Initializing HID interfaces: Success
1011  |Info:    ------------------------------------------------------
1011  |Info:    |             Detecting I2C interfaces               |
1011  |Info:    ------------------------------------------------------
1012  |Info:    Registering I2C interface: /dev/i2c-3 Device 1002:73A5 Subsystem: 1EAE:6950
1012  |Info:    Registering I2C interface: /dev/i2c-1 Device 1002:73A5 Subsystem: 1EAE:6950
1012  |Warning: [i2c_smbus_linux] Failed to read i2c device PCI device ID
1012  |Info:    Registering I2C interface: /dev/i2c-8 Device 0000:0000 Subsystem: 0000:0000
1012  |Warning: [i2c_smbus_linux] Failed to read i2c device PCI device ID
1012  |Info:    Registering I2C interface: /dev/i2c-6 Device 0000:0000 Subsystem: 0000:0000
1012  |Info:    Registering I2C interface: /dev/i2c-4 Device 1002:73A5 Subsystem: 1EAE:6950
1012  |Info:    Registering I2C interface: /dev/i2c-2 Device 1002:73A5 Subsystem: 1EAE:6950
1012  |Info:    Registering I2C interface: /dev/i2c-0 Device 1002:73A5 Subsystem: 1EAE:6950
1012  |Info:    Registering I2C interface: /dev/i2c-9 Device 8086:A323 Subsystem: 1043:8694
1012  |Warning: [i2c_smbus_linux] Failed to read i2c device PCI device ID
1012  |Info:    Registering I2C interface: /dev/i2c-7 Device 0000:0000 Subsystem: 0000:0000
1012  |Info:    Registering I2C interface: /dev/i2c-5 Device 1002:73A5 Subsystem: 1EAE:6950
1012  |Info:    ------------------------------------------------------
1012  |Info:    |               Detecting I2C devices                |
1012  |Info:    ------------------------------------------------------
1289  |Info:    [ENE DRAM] Registering RGB controller
1504  |Info:    [ENE DRAM] Registering RGB controller
1875  |Info:    ------------------------------------------------------
1875  |Info:    |               Detecting I2C PCI devices            |
1875  |Info:    ------------------------------------------------------
1876  |Info:    ------------------------------------------------------
1876  |Info:    |               Detecting HID devices                |
1876  |Info:    ------------------------------------------------------
4862  |Info:    [NZXT Smart Device V2] Registering RGB controller
4925  |Info:    [ASUS ROG STRIX Z390-F GAMING Addressable] Registering RGB controller
4993  |Info:    [Glorious Model O / O- Wireless] Registering RGB controller
4993  |Info:    ------------------------------------------------------
4993  |Info:    |            Detecting libusb HID devices            |
4993  |Info:    ------------------------------------------------------
5037  |Info:    ------------------------------------------------------
5037  |Info:    |              Detecting other devices               |
5037  |Info:    ------------------------------------------------------
5054  |Info:    ------------------------------------------------------
5054  |Info:    |                Detection completed                 |
5054  |Info:    ------------------------------------------------------
5054  |Info:    Profile loading: Succeeded for ENE DRAM @ I2C: /dev/i2c-9, address 0x71
5054  |Info:    Profile loading: Succeeded for ENE DRAM @ I2C: /dev/i2c-9, address 0x73
5054  |Info:    Profile loading: Succeeded for NZXT Smart Device V2 @ HID: /dev/hidraw9
5054  |Info:    Profile loading: Succeeded for ASUS ROG STRIX Z390-F GAMING Addressable @ HID: /dev/hidraw13
5054  |Info:    Profile loading: Succeeded for Glorious Model O / O- Wireless @ HID: /dev/hidraw4
