    OpenRGB v0.9
    Commit:  from 
    Launched: 20241001_205522
====================================================================================================

0     |Info:    Found file: Gruvbox.orp attempting to validate header
0     |Info:    Valid v4 profile found for Gruvbox
1002  |Info:    ------------------------------------------------------
1002  |Info:    |               Start device detection               |
1002  |Info:    ------------------------------------------------------
1003  |Info:    Initializing HID interfaces: Success
1007  |Info:    ------------------------------------------------------
1007  |Info:    |             Detecting I2C interfaces               |
1007  |Info:    ------------------------------------------------------
1007  |Info:    Registering I2C interface: /dev/i2c-3 Device 1002:73A5 Subsystem: 1EAE:6950
1007  |Info:    Registering I2C interface: /dev/i2c-1 Device 1002:73A5 Subsystem: 1EAE:6950
1007  |Warning: [i2c_smbus_linux] Failed to read i2c device PCI device ID
1007  |Info:    Registering I2C interface: /dev/i2c-8 Device 0000:0000 Subsystem: 0000:0000
1007  |Warning: [i2c_smbus_linux] Failed to read i2c device PCI device ID
1007  |Info:    Registering I2C interface: /dev/i2c-6 Device 0000:0000 Subsystem: 0000:0000
1007  |Info:    Registering I2C interface: /dev/i2c-4 Device 1002:73A5 Subsystem: 1EAE:6950
1007  |Info:    Registering I2C interface: /dev/i2c-2 Device 1002:73A5 Subsystem: 1EAE:6950
1007  |Info:    Registering I2C interface: /dev/i2c-0 Device 1002:73A5 Subsystem: 1EAE:6950
1007  |Info:    Registering I2C interface: /dev/i2c-9 Device 8086:A323 Subsystem: 1043:8694
1008  |Warning: [i2c_smbus_linux] Failed to read i2c device PCI device ID
1008  |Info:    Registering I2C interface: /dev/i2c-7 Device 0000:0000 Subsystem: 0000:0000
1008  |Info:    Registering I2C interface: /dev/i2c-5 Device 1002:73A5 Subsystem: 1EAE:6950
1008  |Info:    ------------------------------------------------------
1008  |Info:    |               Detecting I2C devices                |
1008  |Info:    ------------------------------------------------------
1208  |Info:    [ENE DRAM] Registering RGB controller
1404  |Info:    [ENE DRAM] Registering RGB controller
1764  |Info:    ------------------------------------------------------
1764  |Info:    |               Detecting I2C PCI devices            |
1764  |Info:    ------------------------------------------------------
1765  |Info:    ------------------------------------------------------
1765  |Info:    |               Detecting HID devices                |
1765  |Info:    ------------------------------------------------------
4594  |Info:    [NZXT Smart Device V2] Registering RGB controller
4657  |Info:    [ASUS ROG STRIX Z390-F GAMING Addressable] Registering RGB controller
4711  |Info:    [Glorious Model O / O- Wireless] Registering RGB controller
4711  |Info:    ------------------------------------------------------
4711  |Info:    |            Detecting libusb HID devices            |
4711  |Info:    ------------------------------------------------------
4727  |Info:    ------------------------------------------------------
4727  |Info:    |              Detecting other devices               |
4727  |Info:    ------------------------------------------------------
4732  |Info:    ------------------------------------------------------
4732  |Info:    |                Detection completed                 |
4732  |Info:    ------------------------------------------------------
4732  |Info:    Profile loading: Succeeded for ENE DRAM @ I2C: /dev/i2c-9, address 0x71
4732  |Info:    Profile loading: Succeeded for ENE DRAM @ I2C: /dev/i2c-9, address 0x73
4732  |Info:    Profile loading: Succeeded for NZXT Smart Device V2 @ HID: /dev/hidraw9
4732  |Info:    Profile loading: Succeeded for ASUS ROG STRIX Z390-F GAMING Addressable @ HID: /dev/hidraw13
4732  |Info:    Profile loading: Succeeded for Glorious Model O / O- Wireless @ HID: /dev/hidraw4
