    OpenRGB v0.9
    Commit:  from 
    Launched: 20240923_164456
====================================================================================================

0     |Info:    Found file: Gruvbox.orp attempting to validate header
0     |Info:    Valid v4 profile found for Gruvbox
1009  |Info:    ------------------------------------------------------
1009  |Info:    |               Start device detection               |
1009  |Info:    ------------------------------------------------------
1010  |Info:    Initializing HID interfaces: Success
1018  |Info:    ------------------------------------------------------
1018  |Info:    |             Detecting I2C interfaces               |
1018  |Info:    ------------------------------------------------------
1018  |Info:    Registering I2C interface: /dev/i2c-3 Device 1002:73A5 Subsystem: 1EAE:6950
1018  |Info:    Registering I2C interface: /dev/i2c-1 Device 1002:73A5 Subsystem: 1EAE:6950
1018  |Warning: [i2c_smbus_linux] Failed to read i2c device PCI device ID
1018  |Info:    Registering I2C interface: /dev/i2c-8 Device 0000:0000 Subsystem: 0000:0000
1018  |Warning: [i2c_smbus_linux] Failed to read i2c device PCI device ID
1018  |Info:    Registering I2C interface: /dev/i2c-6 Device 0000:0000 Subsystem: 0000:0000
1018  |Info:    Registering I2C interface: /dev/i2c-4 Device 1002:73A5 Subsystem: 1EAE:6950
1018  |Info:    Registering I2C interface: /dev/i2c-2 Device 1002:73A5 Subsystem: 1EAE:6950
1018  |Info:    Registering I2C interface: /dev/i2c-0 Device 1002:73A5 Subsystem: 1EAE:6950
1018  |Info:    Registering I2C interface: /dev/i2c-9 Device 8086:A323 Subsystem: 1043:8694
1018  |Warning: [i2c_smbus_linux] Failed to read i2c device PCI device ID
1018  |Info:    Registering I2C interface: /dev/i2c-7 Device 0000:0000 Subsystem: 0000:0000
1018  |Info:    Registering I2C interface: /dev/i2c-5 Device 1002:73A5 Subsystem: 1EAE:6950
1018  |Info:    ------------------------------------------------------
1018  |Info:    |               Detecting I2C devices                |
1018  |Info:    ------------------------------------------------------
1287  |Info:    [ENE DRAM] Registering RGB controller
1503  |Info:    [ENE DRAM] Registering RGB controller
1877  |Info:    ------------------------------------------------------
1877  |Info:    |               Detecting I2C PCI devices            |
1877  |Info:    ------------------------------------------------------
1879  |Info:    ------------------------------------------------------
1879  |Info:    |               Detecting HID devices                |
1879  |Info:    ------------------------------------------------------
5033  |Info:    [NZXT Smart Device V2] Registering RGB controller
5097  |Info:    [ASUS ROG STRIX Z390-F GAMING Addressable] Registering RGB controller
5166  |Info:    [Glorious Model O / O- Wireless] Registering RGB controller
5166  |Info:    ------------------------------------------------------
5166  |Info:    |            Detecting libusb HID devices            |
5166  |Info:    ------------------------------------------------------
5206  |Info:    ------------------------------------------------------
5206  |Info:    |              Detecting other devices               |
5206  |Info:    ------------------------------------------------------
5222  |Info:    ------------------------------------------------------
5222  |Info:    |                Detection completed                 |
5222  |Info:    ------------------------------------------------------
5222  |Info:    Profile loading: Succeeded for ENE DRAM @ I2C: /dev/i2c-9, address 0x71
5222  |Info:    Profile loading: Succeeded for ENE DRAM @ I2C: /dev/i2c-9, address 0x73
5222  |Info:    Profile loading: Succeeded for NZXT Smart Device V2 @ HID: /dev/hidraw9
5222  |Info:    Profile loading: Succeeded for ASUS ROG STRIX Z390-F GAMING Addressable @ HID: /dev/hidraw13
5222  |Info:    Profile loading: Succeeded for Glorious Model O / O- Wireless @ HID: /dev/hidraw4
