    OpenRGB v0.9
    Commit:  from 
    Launched: 20241004_005737
====================================================================================================

1     |Info:    Found file: Gruvbox.orp attempting to validate header
1     |Info:    Valid v4 profile found for Gruvbox
1007  |Info:    ------------------------------------------------------
1007  |Info:    |               Start device detection               |
1007  |Info:    ------------------------------------------------------
1007  |Info:    Initializing HID interfaces: Success
1010  |Info:    ------------------------------------------------------
1010  |Info:    |             Detecting I2C interfaces               |
1010  |Info:    ------------------------------------------------------
1011  |Info:    Registering I2C interface: /dev/i2c-3 Device 1002:73A5 Subsystem: 1EAE:6950
1011  |Info:    Registering I2C interface: /dev/i2c-1 Device 1002:73A5 Subsystem: 1EAE:6950
1011  |Warning: [i2c_smbus_linux] Failed to read i2c device PCI device ID
1011  |Info:    Registering I2C interface: /dev/i2c-8 Device 0000:0000 Subsystem: 0000:0000
1011  |Warning: [i2c_smbus_linux] Failed to read i2c device PCI device ID
1011  |Info:    Registering I2C interface: /dev/i2c-6 Device 0000:0000 Subsystem: 0000:0000
1011  |Info:    Registering I2C interface: /dev/i2c-4 Device 1002:73A5 Subsystem: 1EAE:6950
1011  |Info:    Registering I2C interface: /dev/i2c-2 Device 1002:73A5 Subsystem: 1EAE:6950
1011  |Info:    Registering I2C interface: /dev/i2c-0 Device 1002:73A5 Subsystem: 1EAE:6950
1011  |Info:    Registering I2C interface: /dev/i2c-9 Device 8086:A323 Subsystem: 1043:8694
1011  |Warning: [i2c_smbus_linux] Failed to read i2c device PCI device ID
1011  |Info:    Registering I2C interface: /dev/i2c-7 Device 0000:0000 Subsystem: 0000:0000
1011  |Info:    Registering I2C interface: /dev/i2c-5 Device 1002:73A5 Subsystem: 1EAE:6950
1011  |Info:    ------------------------------------------------------
1011  |Info:    |               Detecting I2C devices                |
1011  |Info:    ------------------------------------------------------
1265  |Info:    [ENE DRAM] Registering RGB controller
1461  |Info:    [ENE DRAM] Registering RGB controller
1825  |Info:    ------------------------------------------------------
1825  |Info:    |               Detecting I2C PCI devices            |
1825  |Info:    ------------------------------------------------------
1825  |Info:    ------------------------------------------------------
1825  |Info:    |               Detecting HID devices                |
1825  |Info:    ------------------------------------------------------
4660  |Info:    [NZXT Smart Device V2] Registering RGB controller
4725  |Info:    [ASUS ROG STRIX Z390-F GAMING Addressable] Registering RGB controller
4778  |Info:    [Glorious Model O / O- Wireless] Registering RGB controller
4778  |Info:    ------------------------------------------------------
4778  |Info:    |            Detecting libusb HID devices            |
4778  |Info:    ------------------------------------------------------
4794  |Info:    ------------------------------------------------------
4794  |Info:    |              Detecting other devices               |
4794  |Info:    ------------------------------------------------------
4799  |Info:    ------------------------------------------------------
4799  |Info:    |                Detection completed                 |
4799  |Info:    ------------------------------------------------------
4799  |Info:    Profile loading: Succeeded for ENE DRAM @ I2C: /dev/i2c-9, address 0x71
4799  |Info:    Profile loading: Succeeded for ENE DRAM @ I2C: /dev/i2c-9, address 0x73
4799  |Info:    Profile loading: Succeeded for NZXT Smart Device V2 @ HID: /dev/hidraw7
4799  |Info:    Profile loading: Succeeded for ASUS ROG STRIX Z390-F GAMING Addressable @ HID: /dev/hidraw11
4799  |Info:    Profile loading: Succeeded for Glorious Model O / O- Wireless @ HID: /dev/hidraw2
