    OpenRGB v0.9
    Commit:  from 
    Launched: 20241005_153134
====================================================================================================

0     |Info:    Found file: Gruvbox.orp attempting to validate header
0     |Info:    Valid v4 profile found for Gruvbox
1001  |Info:    ------------------------------------------------------
1001  |Info:    |               Start device detection               |
1001  |Info:    ------------------------------------------------------
1001  |Info:    Initializing HID interfaces: Success
1005  |Info:    ------------------------------------------------------
1005  |Info:    |             Detecting I2C interfaces               |
1005  |Info:    ------------------------------------------------------
1005  |Info:    Registering I2C interface: /dev/i2c-3 Device 1002:73A5 Subsystem: 1EAE:6950
1005  |Info:    Registering I2C interface: /dev/i2c-1 Device 1002:73A5 Subsystem: 1EAE:6950
1005  |Warning: [i2c_smbus_linux] Failed to read i2c device PCI device ID
1005  |Info:    Registering I2C interface: /dev/i2c-8 Device 0000:0000 Subsystem: 0000:0000
1005  |Warning: [i2c_smbus_linux] Failed to read i2c device PCI device ID
1005  |Info:    Registering I2C interface: /dev/i2c-6 Device 0000:0000 Subsystem: 0000:0000
1005  |Info:    Registering I2C interface: /dev/i2c-4 Device 1002:73A5 Subsystem: 1EAE:6950
1005  |Info:    Registering I2C interface: /dev/i2c-2 Device 1002:73A5 Subsystem: 1EAE:6950
1005  |Info:    Registering I2C interface: /dev/i2c-0 Device 1002:73A5 Subsystem: 1EAE:6950
1005  |Info:    Registering I2C interface: /dev/i2c-9 Device 8086:A323 Subsystem: 1043:8694
1005  |Warning: [i2c_smbus_linux] Failed to read i2c device PCI device ID
1006  |Info:    Registering I2C interface: /dev/i2c-7 Device 0000:0000 Subsystem: 0000:0000
1006  |Info:    Registering I2C interface: /dev/i2c-5 Device 1002:73A5 Subsystem: 1EAE:6950
1006  |Info:    ------------------------------------------------------
1006  |Info:    |               Detecting I2C devices                |
1006  |Info:    ------------------------------------------------------
1204  |Info:    [ENE DRAM] Registering RGB controller
1392  |Info:    [ENE DRAM] Registering RGB controller
1750  |Info:    ------------------------------------------------------
1750  |Info:    |               Detecting I2C PCI devices            |
1750  |Info:    ------------------------------------------------------
1751  |Info:    ------------------------------------------------------
1751  |Info:    |               Detecting HID devices                |
1751  |Info:    ------------------------------------------------------
4940  |Info:    [NZXT Smart Device V2] Registering RGB controller
5002  |Info:    [ASUS ROG STRIX Z390-F GAMING Addressable] Registering RGB controller
5055  |Info:    [Glorious Model O / O- Wireless] Registering RGB controller
5055  |Info:    ------------------------------------------------------
5055  |Info:    |            Detecting libusb HID devices            |
5055  |Info:    ------------------------------------------------------
5071  |Info:    ------------------------------------------------------
5071  |Info:    |              Detecting other devices               |
5071  |Info:    ------------------------------------------------------
5075  |Info:    ------------------------------------------------------
5075  |Info:    |                Detection completed                 |
5075  |Info:    ------------------------------------------------------
5075  |Info:    Profile loading: Succeeded for ENE DRAM @ I2C: /dev/i2c-9, address 0x71
5075  |Info:    Profile loading: Succeeded for ENE DRAM @ I2C: /dev/i2c-9, address 0x73
5075  |Info:    Profile loading: Succeeded for NZXT Smart Device V2 @ HID: /dev/hidraw6
5075  |Info:    Profile loading: Succeeded for ASUS ROG STRIX Z390-F GAMING Addressable @ HID: /dev/hidraw7
5075  |Info:    Profile loading: Succeeded for Glorious Model O / O- Wireless @ HID: /dev/hidraw4
