    OpenRGB v0.9
    Commit:  from 
    Launched: 20241004_191453
====================================================================================================

1     |Info:    Found file: Gruvbox.orp attempting to validate header
1     |Info:    Valid v4 profile found for Gruvbox
1007  |Info:    ------------------------------------------------------
1007  |Info:    |               Start device detection               |
1007  |Info:    ------------------------------------------------------
1007  |Info:    Initializing HID interfaces: Success
1011  |Info:    ------------------------------------------------------
1011  |Info:    |             Detecting I2C interfaces               |
1011  |Info:    ------------------------------------------------------
1011  |Info:    Registering I2C interface: /dev/i2c-3 Device 1002:73A5 Subsystem: 1EAE:6950
1011  |Info:    Registering I2C interface: /dev/i2c-1 Device 1002:73A5 Subsystem: 1EAE:6950
1011  |Warning: [i2c_smbus_linux] Failed to read i2c device PCI device ID
1011  |Info:    Registering I2C interface: /dev/i2c-8 Device 0000:0000 Subsystem: 0000:0000
1011  |Warning: [i2c_smbus_linux] Failed to read i2c device PCI device ID
1011  |Info:    Registering I2C interface: /dev/i2c-6 Device 0000:0000 Subsystem: 0000:0000
1011  |Info:    Registering I2C interface: /dev/i2c-4 Device 1002:73A5 Subsystem: 1EAE:6950
1011  |Info:    Registering I2C interface: /dev/i2c-2 Device 1002:73A5 Subsystem: 1EAE:6950
1011  |Info:    Registering I2C interface: /dev/i2c-0 Device 1002:73A5 Subsystem: 1EAE:6950
1011  |Info:    Registering I2C interface: /dev/i2c-9 Device 8086:A323 Subsystem: 1043:8694
1011  |Warning: [i2c_smbus_linux] Failed to read i2c device PCI device ID
1011  |Info:    Registering I2C interface: /dev/i2c-7 Device 0000:0000 Subsystem: 0000:0000
1011  |Info:    Registering I2C interface: /dev/i2c-5 Device 1002:73A5 Subsystem: 1EAE:6950
1011  |Info:    ------------------------------------------------------
1011  |Info:    |               Detecting I2C devices                |
1011  |Info:    ------------------------------------------------------
1266  |Info:    [ENE DRAM] Registering RGB controller
1463  |Info:    [ENE DRAM] Registering RGB controller
1829  |Info:    ------------------------------------------------------
1829  |Info:    |               Detecting I2C PCI devices            |
1829  |Info:    ------------------------------------------------------
1829  |Info:    ------------------------------------------------------
1829  |Info:    |               Detecting HID devices                |
1829  |Info:    ------------------------------------------------------
4927  |Info:    [NZXT Smart Device V2] Registering RGB controller
4991  |Info:    [ASUS ROG STRIX Z390-F GAMING Addressable] Registering RGB controller
5044  |Info:    [Glorious Model O / O- Wireless] Registering RGB controller
5044  |Info:    ------------------------------------------------------
5044  |Info:    |            Detecting libusb HID devices            |
5044  |Info:    ------------------------------------------------------
5060  |Info:    ------------------------------------------------------
5060  |Info:    |              Detecting other devices               |
5060  |Info:    ------------------------------------------------------
5064  |Info:    ------------------------------------------------------
5064  |Info:    |                Detection completed                 |
5064  |Info:    ------------------------------------------------------
5064  |Info:    Profile loading: Succeeded for ENE DRAM @ I2C: /dev/i2c-9, address 0x71
5064  |Info:    Profile loading: Succeeded for ENE DRAM @ I2C: /dev/i2c-9, address 0x73
5064  |Info:    Profile loading: Succeeded for NZXT Smart Device V2 @ HID: /dev/hidraw6
5064  |Info:    Profile loading: Succeeded for ASUS ROG STRIX Z390-F GAMING Addressable @ HID: /dev/hidraw7
5064  |Info:    Profile loading: Succeeded for Glorious Model O / O- Wireless @ HID: /dev/hidraw4
