    OpenRGB v0.9
    Commit:  from 
    Launched: 20240922_165301
====================================================================================================

1     |Info:    Found file: Gruvbox.orp attempting to validate header
1     |Info:    Valid v4 profile found for Gruvbox
1006  |Info:    ------------------------------------------------------
1006  |Info:    |               Start device detection               |
1006  |Info:    ------------------------------------------------------
1006  |Info:    Initializing HID interfaces: Success
1010  |Info:    ------------------------------------------------------
1010  |Info:    |             Detecting I2C interfaces               |
1010  |Info:    ------------------------------------------------------
1010  |Info:    Registering I2C interface: /dev/i2c-3 Device 1002:73A5 Subsystem: 1EAE:6950
1010  |Info:    Registering I2C interface: /dev/i2c-1 Device 1002:73A5 Subsystem: 1EAE:6950
1010  |Warning: [i2c_smbus_linux] Failed to read i2c device PCI device ID
1010  |Info:    Registering I2C interface: /dev/i2c-8 Device 0000:0000 Subsystem: 0000:0000
1011  |Warning: [i2c_smbus_linux] Failed to read i2c device PCI device ID
1011  |Info:    Registering I2C interface: /dev/i2c-6 Device 0000:0000 Subsystem: 0000:0000
1011  |Info:    Registering I2C interface: /dev/i2c-4 Device 1002:73A5 Subsystem: 1EAE:6950
1011  |Info:    Registering I2C interface: /dev/i2c-2 Device 1002:73A5 Subsystem: 1EAE:6950
1011  |Info:    Registering I2C interface: /dev/i2c-0 Device 1002:73A5 Subsystem: 1EAE:6950
1011  |Info:    Registering I2C interface: /dev/i2c-9 Device 8086:A323 Subsystem: 1043:8694
1011  |Warning: [i2c_smbus_linux] Failed to read i2c device PCI device ID
1011  |Info:    Registering I2C interface: /dev/i2c-7 Device 0000:0000 Subsystem: 0000:0000
1011  |Info:    Registering I2C interface: /dev/i2c-5 Device 1002:73A5 Subsystem: 1EAE:6950
1011  |Info:    ------------------------------------------------------
1011  |Info:    |               Detecting I2C devices                |
1011  |Info:    ------------------------------------------------------
1209  |Info:    [ENE DRAM] Registering RGB controller
1425  |Info:    [ENE DRAM] Registering RGB controller
1788  |Info:    ------------------------------------------------------
1788  |Info:    |               Detecting I2C PCI devices            |
1788  |Info:    ------------------------------------------------------
1789  |Info:    ------------------------------------------------------
1789  |Info:    |               Detecting HID devices                |
1789  |Info:    ------------------------------------------------------
4783  |Info:    [NZXT Smart Device V2] Registering RGB controller
4846  |Info:    [ASUS ROG STRIX Z390-F GAMING Addressable] Registering RGB controller
4903  |Info:    [Glorious Model O / O- Wireless] Registering RGB controller
4903  |Info:    ------------------------------------------------------
4903  |Info:    |            Detecting libusb HID devices            |
4903  |Info:    ------------------------------------------------------
4939  |Info:    ------------------------------------------------------
4939  |Info:    |              Detecting other devices               |
4939  |Info:    ------------------------------------------------------
4958  |Info:    ------------------------------------------------------
4958  |Info:    |                Detection completed                 |
4958  |Info:    ------------------------------------------------------
4959  |Info:    Profile loading: Succeeded for ENE DRAM @ I2C: /dev/i2c-9, address 0x71
4959  |Info:    Profile loading: Succeeded for ENE DRAM @ I2C: /dev/i2c-9, address 0x73
4959  |Info:    Profile loading: Succeeded for NZXT Smart Device V2 @ HID: /dev/hidraw7
4959  |Info:    Profile loading: Succeeded for ASUS ROG STRIX Z390-F GAMING Addressable @ HID: /dev/hidraw11
4959  |Info:    Profile loading: Succeeded for Glorious Model O / O- Wireless @ HID: /dev/hidraw2
