    OpenRGB v0.9
    Commit:  from 
    Launched: 20240926_205055
====================================================================================================

1     |Info:    Found file: Gruvbox.orp attempting to validate header
1     |Info:    Valid v4 profile found for Gruvbox
1009  |Info:    ------------------------------------------------------
1009  |Info:    |               Start device detection               |
1009  |Info:    ------------------------------------------------------
1010  |Info:    Initializing HID interfaces: Success
1020  |Info:    ------------------------------------------------------
1020  |Info:    |             Detecting I2C interfaces               |
1020  |Info:    ------------------------------------------------------
1020  |Info:    Registering I2C interface: /dev/i2c-3 Device 1002:73A5 Subsystem: 1EAE:6950
1020  |Info:    Registering I2C interface: /dev/i2c-1 Device 1002:73A5 Subsystem: 1EAE:6950
1020  |Warning: [i2c_smbus_linux] Failed to read i2c device PCI device ID
1020  |Info:    Registering I2C interface: /dev/i2c-8 Device 0000:0000 Subsystem: 0000:0000
1020  |Warning: [i2c_smbus_linux] Failed to read i2c device PCI device ID
1021  |Info:    Registering I2C interface: /dev/i2c-6 Device 0000:0000 Subsystem: 0000:0000
1021  |Info:    Registering I2C interface: /dev/i2c-4 Device 1002:73A5 Subsystem: 1EAE:6950
1021  |Info:    Registering I2C interface: /dev/i2c-2 Device 1002:73A5 Subsystem: 1EAE:6950
1021  |Info:    Registering I2C interface: /dev/i2c-0 Device 1002:73A5 Subsystem: 1EAE:6950
1021  |Info:    Registering I2C interface: /dev/i2c-9 Device 8086:A323 Subsystem: 1043:8694
1021  |Warning: [i2c_smbus_linux] Failed to read i2c device PCI device ID
1021  |Info:    Registering I2C interface: /dev/i2c-7 Device 0000:0000 Subsystem: 0000:0000
1021  |Info:    Registering I2C interface: /dev/i2c-5 Device 1002:73A5 Subsystem: 1EAE:6950
1021  |Info:    ------------------------------------------------------
1021  |Info:    |               Detecting I2C devices                |
1021  |Info:    ------------------------------------------------------
1286  |Info:    [ENE DRAM] Registering RGB controller
1493  |Info:    [ENE DRAM] Registering RGB controller
1863  |Info:    ------------------------------------------------------
1863  |Info:    |               Detecting I2C PCI devices            |
1863  |Info:    ------------------------------------------------------
1865  |Info:    ------------------------------------------------------
1865  |Info:    |               Detecting HID devices                |
1865  |Info:    ------------------------------------------------------
4849  |Info:    [NZXT Smart Device V2] Registering RGB controller
4913  |Info:    [ASUS ROG STRIX Z390-F GAMING Addressable] Registering RGB controller
4970  |Info:    [Glorious Model O / O- Wireless] Registering RGB controller
4970  |Info:    ------------------------------------------------------
4970  |Info:    |            Detecting libusb HID devices            |
4970  |Info:    ------------------------------------------------------
4988  |Info:    ------------------------------------------------------
4988  |Info:    |              Detecting other devices               |
4988  |Info:    ------------------------------------------------------
4996  |Info:    ------------------------------------------------------
4996  |Info:    |                Detection completed                 |
4996  |Info:    ------------------------------------------------------
4997  |Info:    Profile loading: Succeeded for ENE DRAM @ I2C: /dev/i2c-9, address 0x71
4997  |Info:    Profile loading: Succeeded for ENE DRAM @ I2C: /dev/i2c-9, address 0x73
4997  |Info:    Profile loading: Succeeded for NZXT Smart Device V2 @ HID: /dev/hidraw9
4997  |Info:    Profile loading: Succeeded for ASUS ROG STRIX Z390-F GAMING Addressable @ HID: /dev/hidraw13
4997  |Info:    Profile loading: Succeeded for Glorious Model O / O- Wireless @ HID: /dev/hidraw4
